<?xml version="1.0" encoding="UTF-8"?>
<!-- Generated by org.testng.reporters.JUnitXMLReporter -->
<testsuite hostname="IRIS-CSG-2526" ignored="0" name="Test" tests="2" failures="1" timestamp="2020-06-23T20:37:19 IST" time="11.54" errors="0">
  <testcase name="ValidateTitle" time="0.788" classname="automation.NewTest"/>
  <testcase name="login" time="0.435" classname="automation.NewTest">
    <failure type="java.lang.AssertionError" message="expected [OUR PROJECTS] but found []">
      <![CDATA[java.lang.AssertionError: expected [OUR PROJECTS] but found []
at automation.NewTest.login(NewTest.java:41)
at java.util.ArrayList.forEach(Unknown Source)
... Removed 36 stack frames]]>
    </failure>
  </testcase> <!-- login -->
</testsuite> <!-- Test -->
